This file contains any messages produced by compilers while
running configure, to aid debugging if configure makes a mistake.

It was created by ecomp configure 0.6.2, which was
generated by GNU Autoconf 2.61.  Invocation command line was

  $ ./configure --enable-maintainer-mode

## --------- ##
## Platform. ##
## --------- ##

hostname = x40
uname -m = i686
uname -r = 2.6.27-10-generic
uname -s = Linux
uname -v = #1 SMP Fri Nov 21 12:00:22 UTC 2008

/usr/bin/uname -p = unknown
/bin/uname -X     = unknown

/bin/arch              = unknown
/usr/bin/arch -k       = unknown
/usr/convex/getsysinfo = unknown
/usr/bin/hostinfo      = unknown
/bin/machine           = unknown
/usr/bin/oslevel       = unknown
/bin/universe          = unknown

PATH: /usr/local/sbin
PATH: /usr/local/bin
PATH: /usr/sbin
PATH: /usr/bin
PATH: /sbin
PATH: /bin
PATH: /usr/games


## ----------- ##
## Core tests. ##
## ----------- ##

configure:2149: checking for a BSD-compatible install
configure:2205: result: /usr/bin/install -c
configure:2216: checking whether build environment is sane
configure:2259: result: yes
configure:2287: checking for a thread-safe mkdir -p
configure:2326: result: /bin/mkdir -p
configure:2339: checking for gawk
configure:2369: result: no
configure:2339: checking for mawk
configure:2355: found /usr/bin/mawk
configure:2366: result: mawk
configure:2377: checking whether make sets $(MAKE)
configure:2398: result: yes
configure:2589: checking whether NLS is requested
configure:2598: result: yes
configure:2614: checking for style of include used by make
configure:2642: result: GNU
configure:2712: checking for gcc
configure:2728: found /usr/bin/gcc
configure:2739: result: gcc
configure:2977: checking for C compiler version
configure:2984: gcc --version >&5
gcc (Ubuntu 4.3.2-1ubuntu11) 4.3.2
Copyright (C) 2008 Free Software Foundation, Inc.
This is free software; see the source for copying conditions.  There is NO
warranty; not even for MERCHANTABILITY or FITNESS FOR A PARTICULAR PURPOSE.

configure:2987: $? = 0
configure:2994: gcc -v >&5
Using built-in specs.
Target: i486-linux-gnu
Configured with: ../src/configure -v --with-pkgversion='Ubuntu 4.3.2-1ubuntu11' --with-bugurl=file:///usr/share/doc/gcc-4.3/README.Bugs --enable-languages=c,c++,fortran,objc,obj-c++ --prefix=/usr --enable-shared --with-system-zlib --libexecdir=/usr/lib --without-included-gettext --enable-threads=posix --enable-nls --with-gxx-include-dir=/usr/include/c++/4.3 --program-suffix=-4.3 --enable-clocale=gnu --enable-libstdcxx-debug --enable-objc-gc --enable-mpfr --enable-targets=all --enable-checking=release --build=i486-linux-gnu --host=i486-linux-gnu --target=i486-linux-gnu
Thread model: posix
gcc version 4.3.2 (Ubuntu 4.3.2-1ubuntu11) 
configure:2997: $? = 0
configure:3004: gcc -V >&5
gcc: '-V' option must have argument
configure:3007: $? = 1
configure:3030: checking for C compiler default output file name
configure:3057: gcc    conftest.c  >&5
configure:3060: $? = 0
configure:3098: result: a.out
configure:3115: checking whether the C compiler works
configure:3125: ./a.out
configure:3128: $? = 0
configure:3145: result: yes
configure:3152: checking whether we are cross compiling
configure:3154: result: no
configure:3157: checking for suffix of executables
configure:3164: gcc -o conftest    conftest.c  >&5
configure:3167: $? = 0
configure:3191: result: 
configure:3197: checking for suffix of object files
configure:3223: gcc -c   conftest.c >&5
configure:3226: $? = 0
configure:3249: result: o
configure:3253: checking whether we are using the GNU C compiler
configure:3282: gcc -c   conftest.c >&5
configure:3288: $? = 0
configure:3305: result: yes
configure:3310: checking whether gcc accepts -g
configure:3340: gcc -c -g  conftest.c >&5
configure:3346: $? = 0
configure:3445: result: yes
configure:3462: checking for gcc option to accept ISO C89
configure:3536: gcc  -c -g -O2  conftest.c >&5
configure:3542: $? = 0
configure:3565: result: none needed
configure:3585: checking dependency style of gcc
configure:3676: result: gcc3
configure:3705: checking for intltool >= 0.23
configure:3712: result: 0.40.5 found
configure:3722: checking for intltool-update
configure:3740: found /usr/bin/intltool-update
configure:3752: result: /usr/bin/intltool-update
configure:3762: checking for intltool-merge
configure:3780: found /usr/bin/intltool-merge
configure:3792: result: /usr/bin/intltool-merge
configure:3802: checking for intltool-extract
configure:3820: found /usr/bin/intltool-extract
configure:3832: result: /usr/bin/intltool-extract
configure:3889: checking for xgettext
configure:3907: found /usr/bin/xgettext
configure:3919: result: /usr/bin/xgettext
configure:3929: checking for msgmerge
configure:3947: found /usr/bin/msgmerge
configure:3959: result: /usr/bin/msgmerge
configure:3969: checking for msgfmt
configure:3987: found /usr/bin/msgfmt
configure:3999: result: /usr/bin/msgfmt
configure:4009: checking for gmsgfmt
configure:4040: result: /usr/bin/msgfmt
configure:4064: checking for perl
configure:4082: found /usr/bin/perl
configure:4094: result: /usr/bin/perl
configure:4113: checking for XML::Parser
configure:4116: result: ok
configure:4153: gcc -o conftest -g -O2   conftest.c  >&5
configure:4159: $? = 0
configure:4274: checking whether to enable maintainer-specific portions of Makefiles
configure:4283: result: yes
configure:4303: checking for library containing strerror
configure:4344: gcc -o conftest -g -O2   conftest.c  >&5
configure:4350: $? = 0
configure:4378: result: none required
configure:4434: checking for gcc
configure:4461: result: gcc
configure:4699: checking for C compiler version
configure:4706: gcc --version >&5
gcc (Ubuntu 4.3.2-1ubuntu11) 4.3.2
Copyright (C) 2008 Free Software Foundation, Inc.
This is free software; see the source for copying conditions.  There is NO
warranty; not even for MERCHANTABILITY or FITNESS FOR A PARTICULAR PURPOSE.

configure:4709: $? = 0
configure:4716: gcc -v >&5
Using built-in specs.
Target: i486-linux-gnu
Configured with: ../src/configure -v --with-pkgversion='Ubuntu 4.3.2-1ubuntu11' --with-bugurl=file:///usr/share/doc/gcc-4.3/README.Bugs --enable-languages=c,c++,fortran,objc,obj-c++ --prefix=/usr --enable-shared --with-system-zlib --libexecdir=/usr/lib --without-included-gettext --enable-threads=posix --enable-nls --with-gxx-include-dir=/usr/include/c++/4.3 --program-suffix=-4.3 --enable-clocale=gnu --enable-libstdcxx-debug --enable-objc-gc --enable-mpfr --enable-targets=all --enable-checking=release --build=i486-linux-gnu --host=i486-linux-gnu --target=i486-linux-gnu
Thread model: posix
gcc version 4.3.2 (Ubuntu 4.3.2-1ubuntu11) 
configure:4719: $? = 0
configure:4726: gcc -V >&5
gcc: '-V' option must have argument
configure:4729: $? = 1
configure:4732: checking whether we are using the GNU C compiler
configure:4784: result: yes
configure:4789: checking whether gcc accepts -g
configure:4924: result: yes
configure:4941: checking for gcc option to accept ISO C89
configure:5044: result: none needed
configure:5064: checking dependency style of gcc
configure:5155: result: gcc3
configure:5175: checking how to run the C preprocessor
configure:5215: gcc -E  conftest.c
configure:5221: $? = 0
configure:5252: gcc -E  conftest.c
conftest.c:11:28: error: ac_nonexistent.h: No such file or directory
configure:5258: $? = 1
configure: failed program was:
| /* confdefs.h.  */
| #define PACKAGE_NAME "ecomp"
| #define PACKAGE_TARNAME "ecomp"
| #define PACKAGE_VERSION "0.6.2"
| #define PACKAGE_STRING "ecomp 0.6.2"
| #define PACKAGE_BUGREPORT "davidr@novell.com"
| #define PACKAGE "ecomp"
| #define VERSION "0.6.2"
| #define DECOR_INTERFACE_VERSION 20070319
| /* end confdefs.h.  */
| #include <ac_nonexistent.h>
configure:5291: result: gcc -E
configure:5320: gcc -E  conftest.c
configure:5326: $? = 0
configure:5357: gcc -E  conftest.c
conftest.c:11:28: error: ac_nonexistent.h: No such file or directory
configure:5363: $? = 1
configure: failed program was:
| /* confdefs.h.  */
| #define PACKAGE_NAME "ecomp"
| #define PACKAGE_TARNAME "ecomp"
| #define PACKAGE_VERSION "0.6.2"
| #define PACKAGE_STRING "ecomp 0.6.2"
| #define PACKAGE_BUGREPORT "davidr@novell.com"
| #define PACKAGE "ecomp"
| #define VERSION "0.6.2"
| #define DECOR_INTERFACE_VERSION 20070319
| /* end confdefs.h.  */
| #include <ac_nonexistent.h>
configure:5458: checking for g++
configure:5474: found /usr/bin/g++
configure:5485: result: g++
configure:5516: checking for C++ compiler version
configure:5523: g++ --version >&5
g++ (Ubuntu 4.3.2-1ubuntu11) 4.3.2
Copyright (C) 2008 Free Software Foundation, Inc.
This is free software; see the source for copying conditions.  There is NO
warranty; not even for MERCHANTABILITY or FITNESS FOR A PARTICULAR PURPOSE.

configure:5526: $? = 0
configure:5533: g++ -v >&5
Using built-in specs.
Target: i486-linux-gnu
Configured with: ../src/configure -v --with-pkgversion='Ubuntu 4.3.2-1ubuntu11' --with-bugurl=file:///usr/share/doc/gcc-4.3/README.Bugs --enable-languages=c,c++,fortran,objc,obj-c++ --prefix=/usr --enable-shared --with-system-zlib --libexecdir=/usr/lib --without-included-gettext --enable-threads=posix --enable-nls --with-gxx-include-dir=/usr/include/c++/4.3 --program-suffix=-4.3 --enable-clocale=gnu --enable-libstdcxx-debug --enable-objc-gc --enable-mpfr --enable-targets=all --enable-checking=release --build=i486-linux-gnu --host=i486-linux-gnu --target=i486-linux-gnu
Thread model: posix
gcc version 4.3.2 (Ubuntu 4.3.2-1ubuntu11) 
configure:5536: $? = 0
configure:5543: g++ -V >&5
g++: '-V' option must have argument
configure:5546: $? = 1
configure:5549: checking whether we are using the GNU C++ compiler
configure:5578: g++ -c   conftest.cpp >&5
configure:5584: $? = 0
configure:5601: result: yes
configure:5606: checking whether g++ accepts -g
configure:5636: g++ -c -g  conftest.cpp >&5
configure:5642: $? = 0
configure:5741: result: yes
configure:5766: checking dependency style of g++
configure:5857: result: gcc3
configure:5903: checking build system type
configure:5921: result: i686-pc-linux-gnu
configure:5943: checking host system type
configure:5958: result: i686-pc-linux-gnu
configure:5980: checking for a sed that does not truncate output
configure:6059: result: /bin/sed
configure:6077: checking for grep that handles long lines and -e
configure:6151: result: /bin/grep
configure:6156: checking for egrep
configure:6234: result: /bin/grep -E
configure:6239: checking for fgrep
configure:6317: result: /bin/grep -F
configure:6352: checking for ld used by gcc
configure:6419: result: /usr/bin/ld
configure:6428: checking if the linker (/usr/bin/ld) is GNU ld
configure:6443: result: yes
configure:6455: checking for BSD- or MS-compatible name lister (nm)
configure:6504: result: /usr/bin/nm -B
configure:6626: checking the name lister (/usr/bin/nm -B) interface
configure:6633: gcc -c -g -O2  conftest.c >&5
configure:6636: /usr/bin/nm -B "conftest.o"
configure:6639: output
00000000 B some_variable
configure:6646: result: BSD nm
configure:6649: checking whether ln -s works
configure:6653: result: yes
configure:6661: checking the maximum length of command line arguments
configure:6781: result: 1572864
configure:6798: checking whether the shell understands some XSI constructs
configure:6808: result: yes
configure:6812: checking whether the shell understands "+="
configure:6818: result: yes
configure:6853: checking for /usr/bin/ld option to reload object files
configure:6860: result: -r
configure:6887: checking how to recognize dependent libraries
configure:7077: result: pass_all
configure:7137: checking for ar
configure:7153: found /usr/bin/ar
configure:7164: result: ar
configure:7246: checking for strip
configure:7262: found /usr/bin/strip
configure:7273: result: strip
configure:7349: checking for ranlib
configure:7365: found /usr/bin/ranlib
configure:7376: result: ranlib
configure:7470: checking command to parse /usr/bin/nm -B output from gcc object
configure:7588: gcc -c -g -O2  conftest.c >&5
configure:7591: $? = 0
configure:7595: /usr/bin/nm -B conftest.o \| sed -n -e 's/^.*[	 ]\([ABCDGIRSTW][ABCDGIRSTW]*\)[	 ][	 ]*\([_A-Za-z][_A-Za-z0-9]*\)$/\1 \2 \2/p' \> conftest.nm
configure:7598: $? = 0
configure:7652: gcc -o conftest -g -O2   conftest.c conftstm.o >&5
configure:7655: $? = 0
configure:7693: result: ok
configure:8567: checking for ANSI C header files
configure:8597: gcc -c -g -O2  conftest.c >&5
configure:8603: $? = 0
configure:8702: gcc -o conftest -g -O2   conftest.c  >&5
configure:8705: $? = 0
configure:8711: ./conftest
configure:8714: $? = 0
configure:8731: result: yes
configure:8755: checking for sys/types.h
configure:8776: gcc -c -g -O2  conftest.c >&5
configure:8782: $? = 0
configure:8798: result: yes
configure:8755: checking for sys/stat.h
configure:8776: gcc -c -g -O2  conftest.c >&5
configure:8782: $? = 0
configure:8798: result: yes
configure:8755: checking for stdlib.h
configure:8776: gcc -c -g -O2  conftest.c >&5
configure:8782: $? = 0
configure:8798: result: yes
configure:8755: checking for string.h
configure:8776: gcc -c -g -O2  conftest.c >&5
configure:8782: $? = 0
configure:8798: result: yes
configure:8755: checking for memory.h
configure:8776: gcc -c -g -O2  conftest.c >&5
configure:8782: $? = 0
configure:8798: result: yes
configure:8755: checking for strings.h
configure:8776: gcc -c -g -O2  conftest.c >&5
configure:8782: $? = 0
configure:8798: result: yes
configure:8755: checking for inttypes.h
configure:8776: gcc -c -g -O2  conftest.c >&5
configure:8782: $? = 0
configure:8798: result: yes
configure:8755: checking for stdint.h
configure:8776: gcc -c -g -O2  conftest.c >&5
configure:8782: $? = 0
configure:8798: result: yes
configure:8755: checking for unistd.h
configure:8776: gcc -c -g -O2  conftest.c >&5
configure:8782: $? = 0
configure:8798: result: yes
configure:8814: checking for dlfcn.h
configure:8835: gcc -c -g -O2  conftest.c >&5
configure:8841: $? = 0
configure:8857: result: yes
configure:8986: checking for C++ compiler version
configure:8993: g++ --version >&5
g++ (Ubuntu 4.3.2-1ubuntu11) 4.3.2
Copyright (C) 2008 Free Software Foundation, Inc.
This is free software; see the source for copying conditions.  There is NO
warranty; not even for MERCHANTABILITY or FITNESS FOR A PARTICULAR PURPOSE.

configure:8996: $? = 0
configure:9003: g++ -v >&5
Using built-in specs.
Target: i486-linux-gnu
Configured with: ../src/configure -v --with-pkgversion='Ubuntu 4.3.2-1ubuntu11' --with-bugurl=file:///usr/share/doc/gcc-4.3/README.Bugs --enable-languages=c,c++,fortran,objc,obj-c++ --prefix=/usr --enable-shared --with-system-zlib --libexecdir=/usr/lib --without-included-gettext --enable-threads=posix --enable-nls --with-gxx-include-dir=/usr/include/c++/4.3 --program-suffix=-4.3 --enable-clocale=gnu --enable-libstdcxx-debug --enable-objc-gc --enable-mpfr --enable-targets=all --enable-checking=release --build=i486-linux-gnu --host=i486-linux-gnu --target=i486-linux-gnu
Thread model: posix
gcc version 4.3.2 (Ubuntu 4.3.2-1ubuntu11) 
configure:9006: $? = 0
configure:9013: g++ -V >&5
g++: '-V' option must have argument
configure:9016: $? = 1
configure:9019: checking whether we are using the GNU C++ compiler
configure:9071: result: yes
configure:9076: checking whether g++ accepts -g
configure:9211: result: yes
configure:9236: checking dependency style of g++
configure:9327: result: gcc3
configure:9350: checking how to run the C++ preprocessor
configure:9386: g++ -E  conftest.cpp
configure:9392: $? = 0
configure:9423: g++ -E  conftest.cpp
conftest.cpp:22:28: error: ac_nonexistent.h: No such file or directory
configure:9429: $? = 1
configure: failed program was:
| /* confdefs.h.  */
| #define PACKAGE_NAME "ecomp"
| #define PACKAGE_TARNAME "ecomp"
| #define PACKAGE_VERSION "0.6.2"
| #define PACKAGE_STRING "ecomp 0.6.2"
| #define PACKAGE_BUGREPORT "davidr@novell.com"
| #define PACKAGE "ecomp"
| #define VERSION "0.6.2"
| #define DECOR_INTERFACE_VERSION 20070319
| #define STDC_HEADERS 1
| #define HAVE_SYS_TYPES_H 1
| #define HAVE_SYS_STAT_H 1
| #define HAVE_STDLIB_H 1
| #define HAVE_STRING_H 1
| #define HAVE_MEMORY_H 1
| #define HAVE_STRINGS_H 1
| #define HAVE_INTTYPES_H 1
| #define HAVE_STDINT_H 1
| #define HAVE_UNISTD_H 1
| #define HAVE_DLFCN_H 1
| /* end confdefs.h.  */
| #include <ac_nonexistent.h>
configure:9462: result: g++ -E
configure:9491: g++ -E  conftest.cpp
configure:9497: $? = 0
configure:9528: g++ -E  conftest.cpp
conftest.cpp:22:28: error: ac_nonexistent.h: No such file or directory
configure:9534: $? = 1
configure: failed program was:
| /* confdefs.h.  */
| #define PACKAGE_NAME "ecomp"
| #define PACKAGE_TARNAME "ecomp"
| #define PACKAGE_VERSION "0.6.2"
| #define PACKAGE_STRING "ecomp 0.6.2"
| #define PACKAGE_BUGREPORT "davidr@novell.com"
| #define PACKAGE "ecomp"
| #define VERSION "0.6.2"
| #define DECOR_INTERFACE_VERSION 20070319
| #define STDC_HEADERS 1
| #define HAVE_SYS_TYPES_H 1
| #define HAVE_SYS_STAT_H 1
| #define HAVE_STDLIB_H 1
| #define HAVE_STRING_H 1
| #define HAVE_MEMORY_H 1
| #define HAVE_STRINGS_H 1
| #define HAVE_INTTYPES_H 1
| #define HAVE_STDINT_H 1
| #define HAVE_UNISTD_H 1
| #define HAVE_DLFCN_H 1
| /* end confdefs.h.  */
| #include <ac_nonexistent.h>
configure:9746: checking for objdir
configure:9761: result: .libs
configure:10053: checking if gcc supports -fno-rtti -fno-exceptions
configure:10071: gcc -c -g -O2  -fno-rtti -fno-exceptions conftest.c >&5
cc1: warning: command line option "-fno-rtti" is valid for C++/ObjC++ but not for C
configure:10075: $? = 0
configure:10088: result: no
configure:10108: checking for gcc option to produce PIC
configure:10365: result: -fPIC -DPIC
configure:10377: checking if gcc PIC flag -fPIC -DPIC works
configure:10395: gcc -c -g -O2  -fPIC -DPIC -DPIC conftest.c >&5
configure:10399: $? = 0
configure:10412: result: yes
configure:10436: checking if gcc static flag -static works
configure:10464: result: yes
configure:10479: checking if gcc supports -c -o file.o
configure:10500: gcc -c -g -O2  -o out/conftest2.o conftest.c >&5
configure:10504: $? = 0
configure:10526: result: yes
configure:10534: checking if gcc supports -c -o file.o
configure:10581: result: yes
configure:10614: checking whether the gcc linker (/usr/bin/ld) supports shared libraries
configure:11669: result: yes
configure:11706: checking whether -lc should be explicitly linked in
configure:11711: gcc -c -g -O2  conftest.c >&5
configure:11714: $? = 0
configure:11729: gcc -shared conftest.o  -v -Wl,-soname -Wl,conftest -o conftest 2\>\&1 \| /bin/grep  -lc  \>/dev/null 2\>\&1
configure:11732: $? = 0
configure:11744: result: no
configure:11908: checking dynamic linker characteristics
configure:12351: gcc -o conftest -g -O2   -Wl,-rpath -Wl,/foo conftest.c  >&5
configure:12357: $? = 0
configure:12599: result: GNU/Linux ld.so
configure:12701: checking how to hardcode library paths into programs
configure:12726: result: immediate
configure:13539: checking whether stripping libraries is possible
configure:13544: result: yes
configure:13579: checking if libtool supports shared libraries
configure:13581: result: yes
configure:13584: checking whether to build shared libraries
configure:13605: result: yes
configure:13608: checking whether to build static libraries
configure:13612: result: yes
configure:13762: checking for ld used by g++
configure:13829: result: /usr/bin/ld
configure:13838: checking if the linker (/usr/bin/ld) is GNU ld
configure:13853: result: yes
configure:13908: checking whether the g++ linker (/usr/bin/ld) supports shared libraries
configure:14870: result: yes
configure:14898: g++ -c -g -O2  conftest.cpp >&5
configure:14901: $? = 0
configure:15083: checking for g++ option to produce PIC
configure:15392: result: -fPIC -DPIC
configure:15401: checking if g++ PIC flag -fPIC -DPIC works
configure:15419: g++ -c -g -O2  -fPIC -DPIC -DPIC conftest.cpp >&5
configure:15423: $? = 0
configure:15436: result: yes
configure:15457: checking if g++ static flag -static works
configure:15485: result: yes
configure:15497: checking if g++ supports -c -o file.o
configure:15518: g++ -c -g -O2  -o out/conftest2.o conftest.cpp >&5
configure:15522: $? = 0
configure:15544: result: yes
configure:15549: checking if g++ supports -c -o file.o
configure:15596: result: yes
configure:15626: checking whether the g++ linker (/usr/bin/ld) supports shared libraries
configure:15655: result: yes
configure:15792: checking dynamic linker characteristics
configure:16183: g++ -o conftest -g -O2   -Wl,-rpath -Wl,/foo conftest.cpp  >&5
configure:16189: $? = 0
configure:16431: result: GNU/Linux ld.so
configure:16482: checking how to hardcode library paths into programs
configure:16507: result: immediate
configure:16565: checking for ANSI C header files
configure:16729: result: yes
configure:16746: checking for stdlib.h
configure:16752: result: yes
configure:16756: checking sys/time.h usability
configure:16773: gcc -c -g -O2  conftest.c >&5
configure:16779: $? = 0
configure:16793: result: yes
configure:16797: checking sys/time.h presence
configure:16812: gcc -E  conftest.c
configure:16818: $? = 0
configure:16832: result: yes
configure:16865: checking for sys/time.h
configure:16873: result: yes
configure:16746: checking for unistd.h
configure:16752: result: yes
configure:16905: checking locale.h usability
configure:16922: gcc -c -g -O2  conftest.c >&5
configure:16928: $? = 0
configure:16942: result: yes
configure:16946: checking locale.h presence
configure:16961: gcc -E  conftest.c
configure:16967: $? = 0
configure:16981: result: yes
configure:17014: checking for locale.h
configure:17022: result: yes
configure:17036: checking for LC_MESSAGES
configure:17062: gcc -o conftest -g -O2   conftest.c  >&5
configure:17068: $? = 0
configure:17085: result: yes
configure:17114: checking libintl.h usability
configure:17131: gcc -c -g -O2  conftest.c >&5
configure:17137: $? = 0
configure:17151: result: yes
configure:17155: checking libintl.h presence
configure:17170: gcc -E  conftest.c
configure:17176: $? = 0
configure:17190: result: yes
configure:17223: checking for libintl.h
configure:17230: result: yes
configure:17241: checking for ngettext in libc
configure:17269: gcc -o conftest -g -O2   conftest.c  >&5
configure:17275: $? = 0
configure:17293: result: yes
configure:17297: checking for dgettext in libc
configure:17325: gcc -o conftest -g -O2   conftest.c  >&5
configure:17331: $? = 0
configure:17349: result: yes
configure:17358: checking for bind_textdomain_codeset
configure:17414: gcc -o conftest -g -O2   conftest.c  >&5
configure:17420: $? = 0
configure:17438: result: yes
configure:17925: checking for msgfmt
configure:17952: result: /usr/bin/msgfmt
configure:17965: checking for dcgettext
configure:18021: gcc -o conftest -g -O2   conftest.c   >&5
conftest.c:54: warning: conflicting types for built-in function 'dcgettext'
configure:18027: $? = 0
configure:18045: result: yes
configure:18056: checking if msgfmt accepts -c
configure:18071: $MSGFMT -c -o /dev/null conftest.foo
configure:18074: $? = 0
configure:18076: result: yes
configure:18086: checking for gmsgfmt
configure:18117: result: /usr/bin/msgfmt
configure:18127: checking for xgettext
configure:18154: result: /usr/bin/xgettext
configure:18183: gcc -o conftest -g -O2   conftest.c   >&5
configure:18189: $? = 0
configure:18358: checking for catalogs to be installed
configure:18383: result:  cs de es fi fr hu it ja pl pt_BR sv zh_CN zh_TW af ar bg bn bs ca cy da el en_GB en_US et gl gu he hi hr id ka km ko lo lt mk mr nb nl pa pt ro ru sk sl sr ta tr uk vi xh zu
configure:18484: checking whether byte ordering is bigendian
configure:18517: gcc -c -g -O2 -Wall -Wpointer-arith -Wstrict-prototypes -Wmissing-prototypes -Wmissing-declarations -Wnested-externs -D_FORTIFY_SOURCE=2  conftest.c >&5
conftest.c:39: warning: function declaration isn't a prototype
configure:18523: $? = 0
configure:18555: gcc -c -g -O2 -Wall -Wpointer-arith -Wstrict-prototypes -Wmissing-prototypes -Wmissing-declarations -Wnested-externs -D_FORTIFY_SOURCE=2  conftest.c >&5
conftest.c:39: warning: function declaration isn't a prototype
conftest.c: In function 'main':
conftest.c:41: error: 'not' undeclared (first use in this function)
conftest.c:41: error: (Each undeclared identifier is reported only once
conftest.c:41: error: for each function it appears in.)
conftest.c:41: error: expected ';' before 'big'
configure:18561: $? = 1
configure: failed program was:
| /* confdefs.h.  */
| #define PACKAGE_NAME "ecomp"
| #define PACKAGE_TARNAME "ecomp"
| #define PACKAGE_VERSION "0.6.2"
| #define PACKAGE_STRING "ecomp 0.6.2"
| #define PACKAGE_BUGREPORT "davidr@novell.com"
| #define PACKAGE "ecomp"
| #define VERSION "0.6.2"
| #define DECOR_INTERFACE_VERSION 20070319
| #define STDC_HEADERS 1
| #define HAVE_SYS_TYPES_H 1
| #define HAVE_SYS_STAT_H 1
| #define HAVE_STDLIB_H 1
| #define HAVE_STRING_H 1
| #define HAVE_MEMORY_H 1
| #define HAVE_STRINGS_H 1
| #define HAVE_INTTYPES_H 1
| #define HAVE_STDINT_H 1
| #define HAVE_UNISTD_H 1
| #define HAVE_DLFCN_H 1
| #define LT_OBJDIR ".libs/"
| #define STDC_HEADERS 1
| #define HAVE_STDLIB_H 1
| #define HAVE_SYS_TIME_H 1
| #define HAVE_UNISTD_H 1
| #define HAVE_LOCALE_H 1
| #define HAVE_LC_MESSAGES 1
| #define HAVE_BIND_TEXTDOMAIN_CODESET 1
| #define HAVE_GETTEXT 1
| #define HAVE_DCGETTEXT 1
| #define ENABLE_NLS 1
| #define GETTEXT_PACKAGE "ecomp"
| /* end confdefs.h.  */
| #include <sys/types.h>
| #include <sys/param.h>
| 
| int
| main ()
| {
| #if BYTE_ORDER != BIG_ENDIAN
|  not big endian
| #endif
| 
|   ;
|   return 0;
| }
configure:18701: result: no
configure:18801: checking for pkg-config
configure:18819: found /usr/bin/pkg-config
configure:18831: result: /usr/bin/pkg-config
configure:18860: checking pkg-config is at least version 0.9.0
configure:18863: result: yes
configure:18874: checking for ECOMP
configure:18882: $PKG_CONFIG --exists --print-errors "$ECOMP_REQUIRES"
configure:18885: $? = 0
configure:18900: $PKG_CONFIG --exists --print-errors "$ECOMP_REQUIRES"
configure:18903: $? = 0
configure:18979: result: yes
configure:18989: checking for DECORATION
configure:18997: $PKG_CONFIG --exists --print-errors "$DECORATION_REQUIRES"
configure:19000: $? = 0
configure:19015: $PKG_CONFIG --exists --print-errors "$DECORATION_REQUIRES"
configure:19018: $? = 0
configure:19094: result: yes
configure:19101: $PKG_CONFIG --exists --print-errors "xrender >= 0.9.3"
configure:19104: $? = 0
configure:19119: checking for GL_CFLAGS
configure:19130: result: 
configure:19132: checking for GL_LIBS
configure:19142: result: -lGL
configure:19152: checking for xsltproc
configure:19168: found /usr/bin/xsltproc
configure:19179: result: xsltproc
configure:19198: checking for LIBPNG
configure:19206: $PKG_CONFIG --exists --print-errors "libpng"
configure:19209: $? = 0
configure:19224: $PKG_CONFIG --exists --print-errors "libpng"
configure:19227: $? = 0
configure:19303: result: yes
configure:19348: checking for DBUS
configure:19356: $PKG_CONFIG --exists --print-errors "dbus-1 libxml-2.0"
configure:19359: $? = 0
configure:19374: $PKG_CONFIG --exists --print-errors "dbus-1 libxml-2.0"
configure:19377: $? = 0
configure:19413: result: yes
configure:19462: checking sys/inotify.h usability
configure:19479: gcc -c -g -O2 -Wall -Wpointer-arith -Wstrict-prototypes -Wmissing-prototypes -Wmissing-declarations -Wnested-externs -D_FORTIFY_SOURCE=2  conftest.c >&5
configure:19485: $? = 0
configure:19499: result: yes
configure:19503: checking sys/inotify.h presence
configure:19518: gcc -E  conftest.c
configure:19524: $? = 0
configure:19538: result: yes
configure:19571: checking for sys/inotify.h
configure:19579: result: yes
configure:19623: checking for FUSE
configure:19631: $PKG_CONFIG --exists --print-errors "fuse"
Package fuse was not found in the pkg-config search path.
Perhaps you should add the directory containing `fuse.pc'
to the PKG_CONFIG_PATH environment variable
No package 'fuse' found
configure:19634: $? = 1
configure:19649: $PKG_CONFIG --exists --print-errors "fuse"
Package fuse was not found in the pkg-config search path.
Perhaps you should add the directory containing `fuse.pc'
to the PKG_CONFIG_PATH environment variable
No package 'fuse' found
configure:19652: $? = 1
No package 'fuse' found
configure:19680: result: no
configure:19721: checking for ANNOTATE
configure:19729: $PKG_CONFIG --exists --print-errors "cairo-xlib-xrender"
configure:19732: $? = 0
configure:19747: $PKG_CONFIG --exists --print-errors "cairo-xlib-xrender"
configure:19750: $? = 0
configure:19786: result: yes
configure:19819: checking for LIBRSVG
configure:19827: $PKG_CONFIG --exists --print-errors "cairo >= 1.0 librsvg-2.0 >= 2.14.0"
Package librsvg-2.0 was not found in the pkg-config search path.
Perhaps you should add the directory containing `librsvg-2.0.pc'
to the PKG_CONFIG_PATH environment variable
No package 'librsvg-2.0' found
configure:19830: $? = 1
configure:19845: $PKG_CONFIG --exists --print-errors "cairo >= 1.0 librsvg-2.0 >= 2.14.0"
Package librsvg-2.0 was not found in the pkg-config search path.
Perhaps you should add the directory containing `librsvg-2.0.pc'
to the PKG_CONFIG_PATH environment variable
No package 'librsvg-2.0' found
configure:19848: $? = 1
No package 'librsvg-2.0' found
configure:19876: result: no
configure:19916: checking for CAIRO
configure:19924: $PKG_CONFIG --exists --print-errors "cairo-xlib-xrender cairo >= 1.0"
configure:19927: $? = 0
configure:19942: $PKG_CONFIG --exists --print-errors "cairo-xlib-xrender cairo >= 1.0"
configure:19945: $? = 0
configure:19981: result: yes
configure:19987: checking for PANGO
configure:19995: $PKG_CONFIG --exists --print-errors "cairo-xlib-xrender pangocairo cairo >= 1.0"
configure:19998: $? = 0
configure:20013: $PKG_CONFIG --exists --print-errors "cairo-xlib-xrender pangocairo cairo >= 1.0"
configure:20016: $? = 0
configure:20052: result: yes
configure:20140: checking for LIBXSLT
configure:20148: $PKG_CONFIG --exists --print-errors "libxslt"
configure:20151: $? = 0
configure:20166: $PKG_CONFIG --exists --print-errors "libxslt"
configure:20169: $? = 0
configure:20245: result: yes
configure:20471: creating ./config.status

## ---------------------- ##
## Running config.status. ##
## ---------------------- ##

This file was extended by ecomp config.status 0.6.2, which was
generated by GNU Autoconf 2.61.  Invocation command line was

  CONFIG_FILES    = 
  CONFIG_HEADERS  = 
  CONFIG_LINKS    = 
  CONFIG_COMMANDS = 
  $ ./config.status 

on x40

config.status:1040: creating ecomp.pc
config.status:1040: creating ecomp-cube.pc
config.status:1040: creating ecomp-scale.pc
config.status:1040: creating Makefile
config.status:1040: creating src/Makefile
config.status:1040: creating libdecoration/Makefile
config.status:1040: creating libdecoration/libdecoration.pc
config.status:1040: creating include/Makefile
config.status:1040: creating plugins/Makefile
config.status:1040: creating text/Makefile
config.status:1040: creating expo/Makefile
config.status:1040: creating jpeg/Makefile
config.status:1040: creating ring/Makefile
config.status:1040: creating shift/Makefile
config.status:1040: creating thumbnail/Makefile
config.status:1040: creating wall/Makefile
config.status:1040: creating animation/Makefile
config.status:1040: creating mblur/Makefile
config.status:1040: creating cubereflex/Makefile
config.status:1040: creating scalefilter/Makefile
config.status:1040: creating scaleaddon/Makefile
config.status:1040: creating images/Makefile
config.status:1040: creating po/Makefile.in
config.status:1040: creating metadata/Makefile
config.status:1040: creating bcop/bcop.pc
config.status:1040: creating bcop/Makefile
config.status:1040: creating bcop/src/Makefile
config.status:1040: creating bcop/src/bcop
config.status:1040: creating config.h
config.status:1289: config.h is unchanged
config.status:1336: executing depfiles commands
config.status:1336: executing libtool commands
config.status:1336: executing default-1 commands
config.status:1336: executing po/stamp-it commands
config.status:2271: error: po/Makefile.in.in was not created by intltoolize.

## ---------------- ##
## Cache variables. ##
## ---------------- ##

ac_cv_build=i686-pc-linux-gnu
ac_cv_c_bigendian=no
ac_cv_c_compiler_gnu=yes
ac_cv_cxx_compiler_gnu=yes
ac_cv_env_ANNOTATE_CFLAGS_set=
ac_cv_env_ANNOTATE_CFLAGS_value=
ac_cv_env_ANNOTATE_LIBS_set=
ac_cv_env_ANNOTATE_LIBS_value=
ac_cv_env_CAIRO_CFLAGS_set=
ac_cv_env_CAIRO_CFLAGS_value=
ac_cv_env_CAIRO_LIBS_set=
ac_cv_env_CAIRO_LIBS_value=
ac_cv_env_CCC_set=
ac_cv_env_CCC_value=
ac_cv_env_CC_set=
ac_cv_env_CC_value=
ac_cv_env_CFLAGS_set=
ac_cv_env_CFLAGS_value=
ac_cv_env_CPPFLAGS_set=
ac_cv_env_CPPFLAGS_value=
ac_cv_env_CPP_set=
ac_cv_env_CPP_value=
ac_cv_env_CXXCPP_set=
ac_cv_env_CXXCPP_value=
ac_cv_env_CXXFLAGS_set=
ac_cv_env_CXXFLAGS_value=
ac_cv_env_CXX_set=
ac_cv_env_CXX_value=
ac_cv_env_DBUS_CFLAGS_set=
ac_cv_env_DBUS_CFLAGS_value=
ac_cv_env_DBUS_LIBS_set=
ac_cv_env_DBUS_LIBS_value=
ac_cv_env_DECORATION_CFLAGS_set=
ac_cv_env_DECORATION_CFLAGS_value=
ac_cv_env_DECORATION_LIBS_set=
ac_cv_env_DECORATION_LIBS_value=
ac_cv_env_ECOMP_CFLAGS_set=
ac_cv_env_ECOMP_CFLAGS_value=
ac_cv_env_ECOMP_LIBS_set=
ac_cv_env_ECOMP_LIBS_value=
ac_cv_env_FUSE_CFLAGS_set=
ac_cv_env_FUSE_CFLAGS_value=
ac_cv_env_FUSE_LIBS_set=
ac_cv_env_FUSE_LIBS_value=
ac_cv_env_LDFLAGS_set=
ac_cv_env_LDFLAGS_value=
ac_cv_env_LIBPNG_CFLAGS_set=
ac_cv_env_LIBPNG_CFLAGS_value=
ac_cv_env_LIBPNG_LIBS_set=
ac_cv_env_LIBPNG_LIBS_value=
ac_cv_env_LIBRSVG_CFLAGS_set=
ac_cv_env_LIBRSVG_CFLAGS_value=
ac_cv_env_LIBRSVG_LIBS_set=
ac_cv_env_LIBRSVG_LIBS_value=
ac_cv_env_LIBS_set=
ac_cv_env_LIBS_value=
ac_cv_env_LIBXSLT_CFLAGS_set=
ac_cv_env_LIBXSLT_CFLAGS_value=
ac_cv_env_LIBXSLT_LIBS_set=
ac_cv_env_LIBXSLT_LIBS_value=
ac_cv_env_PANGO_CFLAGS_set=
ac_cv_env_PANGO_CFLAGS_value=
ac_cv_env_PANGO_LIBS_set=
ac_cv_env_PANGO_LIBS_value=
ac_cv_env_PKG_CONFIG_set=
ac_cv_env_PKG_CONFIG_value=
ac_cv_env_build_alias_set=
ac_cv_env_build_alias_value=
ac_cv_env_host_alias_set=
ac_cv_env_host_alias_value=
ac_cv_env_target_alias_set=
ac_cv_env_target_alias_value=
ac_cv_func_bind_textdomain_codeset=yes
ac_cv_func_dcgettext=yes
ac_cv_header_dlfcn_h=yes
ac_cv_header_inttypes_h=yes
ac_cv_header_libintl_h=yes
ac_cv_header_locale_h=yes
ac_cv_header_memory_h=yes
ac_cv_header_stdc=yes
ac_cv_header_stdint_h=yes
ac_cv_header_stdlib_h=yes
ac_cv_header_string_h=yes
ac_cv_header_strings_h=yes
ac_cv_header_sys_inotify_h=yes
ac_cv_header_sys_stat_h=yes
ac_cv_header_sys_time_h=yes
ac_cv_header_sys_types_h=yes
ac_cv_header_unistd_h=yes
ac_cv_host=i686-pc-linux-gnu
ac_cv_objext=o
ac_cv_path_EGREP='/bin/grep -E'
ac_cv_path_FGREP='/bin/grep -F'
ac_cv_path_GMSGFMT=/usr/bin/msgfmt
ac_cv_path_GREP=/bin/grep
ac_cv_path_INTLTOOL_EXTRACT=/usr/bin/intltool-extract
ac_cv_path_INTLTOOL_MERGE=/usr/bin/intltool-merge
ac_cv_path_INTLTOOL_PERL=/usr/bin/perl
ac_cv_path_INTLTOOL_UPDATE=/usr/bin/intltool-update
ac_cv_path_MSGFMT=/usr/bin/msgfmt
ac_cv_path_MSGMERGE=/usr/bin/msgmerge
ac_cv_path_SED=/bin/sed
ac_cv_path_XGETTEXT=/usr/bin/xgettext
ac_cv_path_ac_pt_PKG_CONFIG=/usr/bin/pkg-config
ac_cv_path_install='/usr/bin/install -c'
ac_cv_path_mkdir=/bin/mkdir
ac_cv_prog_AWK=mawk
ac_cv_prog_CPP='gcc -E'
ac_cv_prog_CXXCPP='g++ -E'
ac_cv_prog_XSLTPROC=xsltproc
ac_cv_prog_ac_ct_AR=ar
ac_cv_prog_ac_ct_CC=gcc
ac_cv_prog_ac_ct_CXX=g++
ac_cv_prog_ac_ct_RANLIB=ranlib
ac_cv_prog_ac_ct_STRIP=strip
ac_cv_prog_cc_c89=
ac_cv_prog_cc_g=yes
ac_cv_prog_cxx_g=yes
ac_cv_prog_make_make_set=yes
ac_cv_search_strerror='none required'
am_cv_CC_dependencies_compiler_type=gcc3
am_cv_CXX_dependencies_compiler_type=gcc3
am_cv_val_LC_MESSAGES=yes
gt_cv_func_dgettext_libc=yes
gt_cv_func_dgettext_libintl=no
gt_cv_func_ngettext_libc=yes
gt_cv_have_gettext=yes
lt_cv_deplibs_check_method=pass_all
lt_cv_file_magic_cmd='$MAGIC_CMD'
lt_cv_file_magic_test_file=
lt_cv_ld_reload_flag=-r
lt_cv_nm_interface='BSD nm'
lt_cv_objdir=.libs
lt_cv_path_LD=/usr/bin/ld
lt_cv_path_LDCXX=/usr/bin/ld
lt_cv_path_NM='/usr/bin/nm -B'
lt_cv_prog_compiler_c_o=yes
lt_cv_prog_compiler_c_o_CXX=yes
lt_cv_prog_compiler_pic_works=yes
lt_cv_prog_compiler_pic_works_CXX=yes
lt_cv_prog_compiler_rtti_exceptions=no
lt_cv_prog_compiler_static_works=yes
lt_cv_prog_compiler_static_works_CXX=yes
lt_cv_prog_gnu_ld=yes
lt_cv_prog_gnu_ldcxx=yes
lt_cv_sys_global_symbol_pipe='sed -n -e '\''s/^.*[	 ]\([ABCDGIRSTW][ABCDGIRSTW]*\)[	 ][	 ]*\([_A-Za-z][_A-Za-z0-9]*\)$/\1 \2 \2/p'\'''
lt_cv_sys_global_symbol_to_c_name_address='sed -n -e '\''s/^: \([^ ]*\) $/  {\"\1\", (void *) 0},/p'\'' -e '\''s/^[ABCDGIRSTW]* \([^ ]*\) \([^ ]*\)$/  {"\2", (void *) \&\2},/p'\'''
lt_cv_sys_global_symbol_to_c_name_address_lib_prefix='sed -n -e '\''s/^: \([^ ]*\) $/  {\"\1\", (void *) 0},/p'\'' -e '\''s/^[ABCDGIRSTW]* \([^ ]*\) \(lib[^ ]*\)$/  {"\2", (void *) \&\2},/p'\'' -e '\''s/^[ABCDGIRSTW]* \([^ ]*\) \([^ ]*\)$/  {"lib\2", (void *) \&\2},/p'\'''
lt_cv_sys_global_symbol_to_cdecl='sed -n -e '\''s/^T .* \(.*\)$/extern int \1();/p'\'' -e '\''s/^[ABCDGIRSTW]* .* \(.*\)$/extern char \1;/p'\'''
lt_cv_sys_max_cmd_len=1572864
pkg_cv_ANNOTATE_CFLAGS='-I/usr/include/cairo -I/usr/include/pixman-1 -I/usr/include/freetype2 -I/usr/include/libpng12  '
pkg_cv_ANNOTATE_LIBS='-lXrender -lcairo -lX11  '
pkg_cv_CAIRO_CFLAGS='-I/usr/include/cairo -I/usr/include/pixman-1 -I/usr/include/freetype2 -I/usr/include/libpng12  '
pkg_cv_CAIRO_LIBS='-lXrender -lX11 -lcairo  '
pkg_cv_DBUS_CFLAGS='-I/usr/include/dbus-1.0 -I/usr/lib/dbus-1.0/include -I/usr/include/libxml2  '
pkg_cv_DBUS_LIBS='-L//lib -ldbus-1 -lxml2  '
pkg_cv_DECORATION_CFLAGS=' '
pkg_cv_DECORATION_LIBS='-lXrender -lX11  '
pkg_cv_ECOMP_CFLAGS='-I/usr/include/libxml2 -I/usr/include/pango-1.0 -I/usr/include/glib-2.0 -I/usr/lib/glib-2.0/include  '
pkg_cv_ECOMP_LIBS='-lXcomposite -lXdamage -lXfixes -lXrandr -lXinerama -lSM -lICE -lxslt -lxml2 -lpango-1.0 -lgobject-2.0 -lgmodule-2.0 -lglib-2.0  '
pkg_cv_LIBPNG_CFLAGS='-I/usr/include/libpng12  '
pkg_cv_LIBPNG_LIBS='-lpng12  '
pkg_cv_LIBXSLT_CFLAGS='-I/usr/include/libxml2  '
pkg_cv_LIBXSLT_LIBS='-lxslt -lxml2  '
pkg_cv_PANGO_CFLAGS='-I/usr/include/cairo -I/usr/include/pixman-1 -I/usr/include/freetype2 -I/usr/include/libpng12 -I/usr/include/pango-1.0 -I/usr/include/glib-2.0 -I/usr/lib/glib-2.0/include  '
pkg_cv_PANGO_LIBS='-lXrender -lX11 -lpangocairo-1.0 -lpango-1.0 -lgobject-2.0 -lgmodule-2.0 -lglib-2.0 -lcairo  '

## ----------------- ##
## Output variables. ##
## ----------------- ##

ACLOCAL='${SHELL} /media/disk-3/src/compiz/missing --run aclocal-1.10'
ALL_LINGUAS='cs de es fi fr hu it ja pl pt_BR sv zh_CN zh_TW af ar bg bn bs ca cy da el en_GB en_US et gl gu he hi hr id ka km ko lo lt mk mr nb nl pa pt ro ru sk sl sr ta tr uk vi xh zu'
AMDEPBACKSLASH='\'
AMDEP_FALSE='#'
AMDEP_TRUE=''
AMTAR='${SHELL} /media/disk-3/src/compiz/missing --run tar'
ANNOTATE_CFLAGS='-I/usr/include/cairo -I/usr/include/pixman-1 -I/usr/include/freetype2 -I/usr/include/libpng12  '
ANNOTATE_LIBS='-lXrender -lcairo -lX11  '
ANNOTATE_PLUGIN_FALSE='#'
ANNOTATE_PLUGIN_TRUE=''
AR='ar'
AUTOCONF='${SHELL} /media/disk-3/src/compiz/missing --run autoconf'
AUTOHEADER='${SHELL} /media/disk-3/src/compiz/missing --run autoheader'
AUTOMAKE='${SHELL} /media/disk-3/src/compiz/missing --run automake-1.10'
AWK='mawk'
BCOP_BIN='../bcop/src/bcop.in'
CAIRO_CFLAGS='-I/usr/include/cairo -I/usr/include/pixman-1 -I/usr/include/freetype2 -I/usr/include/libpng12  '
CAIRO_LIBS='-lXrender -lX11 -lcairo  '
CATALOGS=' cs.gmo de.gmo es.gmo fi.gmo fr.gmo hu.gmo it.gmo ja.gmo pl.gmo pt_BR.gmo sv.gmo zh_CN.gmo zh_TW.gmo af.gmo ar.gmo bg.gmo bn.gmo bs.gmo ca.gmo cy.gmo da.gmo el.gmo en_GB.gmo en_US.gmo et.gmo gl.gmo gu.gmo he.gmo hi.gmo hr.gmo id.gmo ka.gmo km.gmo ko.gmo lo.gmo lt.gmo mk.gmo mr.gmo nb.gmo nl.gmo pa.gmo pt.gmo ro.gmo ru.gmo sk.gmo sl.gmo sr.gmo ta.gmo tr.gmo uk.gmo vi.gmo xh.gmo zu.gmo'
CATOBJEXT='.gmo'
CC='gcc'
CCDEPMODE='depmode=gcc3'
CFLAGS='-g -O2 -Wall -Wpointer-arith -Wstrict-prototypes -Wmissing-prototypes -Wmissing-declarations -Wnested-externs -D_FORTIFY_SOURCE=2'
CPP='gcc -E'
CPPFLAGS=''
CXX='g++'
CXXCPP='g++ -E'
CXXDEPMODE='depmode=gcc3'
CXXFLAGS='-g -O2 -Wall -D_FORTIFY_SOURCE=2'
CYGPATH_W='echo'
DATADIRNAME='share'
DBUS_CFLAGS='-I/usr/include/dbus-1.0 -I/usr/lib/dbus-1.0/include -I/usr/include/libxml2  '
DBUS_LIBS='-L//lib -ldbus-1 -lxml2  '
DBUS_PLUGIN_FALSE='#'
DBUS_PLUGIN_TRUE=''
DECORATION_CFLAGS=' '
DECORATION_LIBS='-lXrender -lX11  '
DECORATION_REQUIRES='xrender'
DEFS='-DHAVE_CONFIG_H'
DEPDIR='.deps'
DSYMUTIL=''
DUMPBIN=''
ECHO_C=''
ECHO_N='-n'
ECHO_T=''
ECOMP_CFLAGS='-I/usr/include/libxml2 -I/usr/include/pango-1.0 -I/usr/include/glib-2.0 -I/usr/lib/glib-2.0/include  '
ECOMP_LIBS='-lXcomposite -lXdamage -lXfixes -lXrandr -lXinerama -lSM -lICE -lxslt -lxml2 -lpango-1.0 -lgobject-2.0 -lgmodule-2.0 -lglib-2.0  '
ECOMP_REQUIRES='xcomposite 		 xfixes	    		 xdamage    		 xrandr	    		 xinerama   		 ice	    		 sm	    		 libxml-2.0 		 libxslt 		 pango'
ECOMP_VERSION_MAJOR='0'
ECOMP_VERSION_MICRO='2'
ECOMP_VERSION_MINOR='6'
EGREP='/bin/grep -E'
EXEEXT=''
FGREP='/bin/grep -F'
FUSE_CFLAGS=''
FUSE_LIBS=''
FUSE_PLUGIN_FALSE=''
FUSE_PLUGIN_TRUE='#'
GETTEXT_PACKAGE='ecomp'
GL_CFLAGS=''
GL_LIBS='-lGL'
GMOFILES=' cs.gmo de.gmo es.gmo fi.gmo fr.gmo hu.gmo it.gmo ja.gmo pl.gmo pt_BR.gmo sv.gmo zh_CN.gmo zh_TW.gmo af.gmo ar.gmo bg.gmo bn.gmo bs.gmo ca.gmo cy.gmo da.gmo el.gmo en_GB.gmo en_US.gmo et.gmo gl.gmo gu.gmo he.gmo hi.gmo hr.gmo id.gmo ka.gmo km.gmo ko.gmo lo.gmo lt.gmo mk.gmo mr.gmo nb.gmo nl.gmo pa.gmo pt.gmo ro.gmo ru.gmo sk.gmo sl.gmo sr.gmo ta.gmo tr.gmo uk.gmo vi.gmo xh.gmo zu.gmo'
GMSGFMT='/usr/bin/msgfmt'
GREP='/bin/grep'
INOTIFY_PLUGIN_FALSE='#'
INOTIFY_PLUGIN_TRUE=''
INSTALL_DATA='${INSTALL} -m 644'
INSTALL_PROGRAM='${INSTALL}'
INSTALL_SCRIPT='${INSTALL}'
INSTALL_STRIP_PROGRAM='$(install_sh) -c -s'
INSTOBJEXT='.mo'
INTLLIBS=''
INTLTOOL_CAVES_RULE='%.caves:     %.caves.in     $(INTLTOOL_MERGE) $(wildcard $(top_srcdir)/po/*.po) ; LC_ALL=C $(INTLTOOL_MERGE) -d -u -c $(top_builddir)/po/.intltool-merge-cache $(top_srcdir)/po $< $@'
INTLTOOL_DESKTOP_RULE='%.desktop:   %.desktop.in   $(INTLTOOL_MERGE) $(wildcard $(top_srcdir)/po/*.po) ; LC_ALL=C $(INTLTOOL_MERGE) -d -u -c $(top_builddir)/po/.intltool-merge-cache $(top_srcdir)/po $< $@'
INTLTOOL_DIRECTORY_RULE='%.directory: %.directory.in $(INTLTOOL_MERGE) $(wildcard $(top_srcdir)/po/*.po) ; LC_ALL=C $(INTLTOOL_MERGE) -d -u -c $(top_builddir)/po/.intltool-merge-cache $(top_srcdir)/po $< $@'
INTLTOOL_EXTRACT='/usr/bin/intltool-extract'
INTLTOOL_KBD_RULE='%.kbd:       %.kbd.in       $(INTLTOOL_MERGE) $(wildcard $(top_srcdir)/po/*.po) ; LC_ALL=C $(INTLTOOL_MERGE) -x -u -m -c $(top_builddir)/po/.intltool-merge-cache $(top_srcdir)/po $< $@'
INTLTOOL_KEYS_RULE='%.keys:      %.keys.in      $(INTLTOOL_MERGE) $(wildcard $(top_srcdir)/po/*.po) ; LC_ALL=C $(INTLTOOL_MERGE) -k -u -c $(top_builddir)/po/.intltool-merge-cache $(top_srcdir)/po $< $@'
INTLTOOL_MERGE='/usr/bin/intltool-merge'
INTLTOOL_OAF_RULE='%.oaf:       %.oaf.in       $(INTLTOOL_MERGE) $(wildcard $(top_srcdir)/po/*.po) ; LC_ALL=C $(INTLTOOL_MERGE) -o -p $(top_srcdir)/po $< $@'
INTLTOOL_PERL='/usr/bin/perl'
INTLTOOL_POLICY_RULE='%.policy:    %.policy.in    $(INTLTOOL_MERGE) $(wildcard $(top_srcdir)/po/*.po) ; LC_ALL=C $(INTLTOOL_MERGE) -x -u -c $(top_builddir)/po/.intltool-merge-cache $(top_srcdir)/po $< $@'
INTLTOOL_PONG_RULE='%.pong:      %.pong.in      $(INTLTOOL_MERGE) $(wildcard $(top_srcdir)/po/*.po) ; LC_ALL=C $(INTLTOOL_MERGE) -x -u -c $(top_builddir)/po/.intltool-merge-cache $(top_srcdir)/po $< $@'
INTLTOOL_PROP_RULE='%.prop:      %.prop.in      $(INTLTOOL_MERGE) $(wildcard $(top_srcdir)/po/*.po) ; LC_ALL=C $(INTLTOOL_MERGE) -d -u -c $(top_builddir)/po/.intltool-merge-cache $(top_srcdir)/po $< $@'
INTLTOOL_SCHEMAS_RULE='%.schemas:   %.schemas.in   $(INTLTOOL_MERGE) $(wildcard $(top_srcdir)/po/*.po) ; LC_ALL=C $(INTLTOOL_MERGE) -s -u -c $(top_builddir)/po/.intltool-merge-cache $(top_srcdir)/po $< $@'
INTLTOOL_SERVER_RULE='%.server:    %.server.in    $(INTLTOOL_MERGE) $(wildcard $(top_srcdir)/po/*.po) ; LC_ALL=C $(INTLTOOL_MERGE) -o -u -c $(top_builddir)/po/.intltool-merge-cache $(top_srcdir)/po $< $@'
INTLTOOL_SERVICE_RULE='%.service: %.service.in   $(INTLTOOL_MERGE) $(wildcard $(top_srcdir)/po/*.po) ; LC_ALL=C $(INTLTOOL_MERGE) -d -u -c $(top_builddir)/po/.intltool-merge-cache $(top_srcdir)/po $< $@'
INTLTOOL_SHEET_RULE='%.sheet:     %.sheet.in     $(INTLTOOL_MERGE) $(wildcard $(top_srcdir)/po/*.po) ; LC_ALL=C $(INTLTOOL_MERGE) -x -u -c $(top_builddir)/po/.intltool-merge-cache $(top_srcdir)/po $< $@'
INTLTOOL_SOUNDLIST_RULE='%.soundlist: %.soundlist.in $(INTLTOOL_MERGE) $(wildcard $(top_srcdir)/po/*.po) ; LC_ALL=C $(INTLTOOL_MERGE) -d -u -c $(top_builddir)/po/.intltool-merge-cache $(top_srcdir)/po $< $@'
INTLTOOL_THEME_RULE='%.theme:     %.theme.in     $(INTLTOOL_MERGE) $(wildcard $(top_srcdir)/po/*.po) ; LC_ALL=C $(INTLTOOL_MERGE) -d -u -c $(top_builddir)/po/.intltool-merge-cache $(top_srcdir)/po $< $@'
INTLTOOL_UI_RULE='%.ui:        %.ui.in        $(INTLTOOL_MERGE) $(wildcard $(top_srcdir)/po/*.po) ; LC_ALL=C $(INTLTOOL_MERGE) -x -u -c $(top_builddir)/po/.intltool-merge-cache $(top_srcdir)/po $< $@'
INTLTOOL_UPDATE='/usr/bin/intltool-update'
INTLTOOL_XAM_RULE='%.xam:       %.xml.in       $(INTLTOOL_MERGE) $(wildcard $(top_srcdir)/po/*.po) ; LC_ALL=C $(INTLTOOL_MERGE) -x -u -c $(top_builddir)/po/.intltool-merge-cache $(top_srcdir)/po $< $@'
INTLTOOL_XML_NOMERGE_RULE='%.xml:       %.xml.in       $(INTLTOOL_MERGE) ; LC_ALL=C $(INTLTOOL_MERGE) -x -u /tmp $< $@'
INTLTOOL_XML_RULE='%.xml:       %.xml.in       $(INTLTOOL_MERGE) $(wildcard $(top_srcdir)/po/*.po) ; LC_ALL=C $(INTLTOOL_MERGE) -x -u -c $(top_builddir)/po/.intltool-merge-cache $(top_srcdir)/po $< $@'
JPEG_PLUGIN_FALSE='#'
JPEG_PLUGIN_TRUE=''
LD='/usr/bin/ld'
LDFLAGS=''
LIBOBJS=''
LIBPNG_CFLAGS='-I/usr/include/libpng12  '
LIBPNG_LIBS='-lpng12  '
LIBRSVG_CFLAGS=''
LIBRSVG_LIBS=''
LIBS=''
LIBTOOL='$(SHELL) $(top_builddir)/libtool'
LIBXSLT_CFLAGS='-I/usr/include/libxml2  '
LIBXSLT_LIBS='-lxslt -lxml2  '
LIPO=''
LN_S='ln -s'
LTLIBOBJS=''
MAINT=''
MAINTAINER_MODE_FALSE='#'
MAINTAINER_MODE_TRUE=''
MAKEINFO='${SHELL} /media/disk-3/src/compiz/missing --run makeinfo'
MKINSTALLDIRS='./mkinstalldirs'
MSGFMT='/usr/bin/msgfmt'
MSGFMT_OPTS='-c'
MSGMERGE='/usr/bin/msgmerge'
NM='/usr/bin/nm -B'
NMEDIT=''
OBJEXT='o'
OTOOL64=''
OTOOL=''
PACKAGE='ecomp'
PACKAGE_BUGREPORT='davidr@novell.com'
PACKAGE_NAME='ecomp'
PACKAGE_STRING='ecomp 0.6.2'
PACKAGE_TARNAME='ecomp'
PACKAGE_VERSION='0.6.2'
PANGO_CFLAGS='-I/usr/include/cairo -I/usr/include/pixman-1 -I/usr/include/freetype2 -I/usr/include/libpng12 -I/usr/include/pango-1.0 -I/usr/include/glib-2.0 -I/usr/lib/glib-2.0/include  '
PANGO_LIBS='-lXrender -lX11 -lpangocairo-1.0 -lpango-1.0 -lgobject-2.0 -lgmodule-2.0 -lglib-2.0 -lcairo  '
PATH_SEPARATOR=':'
PKG_CONFIG='/usr/bin/pkg-config'
PLACE_PLUGIN_FALSE=''
PLACE_PLUGIN_TRUE='#'
POFILES=' cs.po de.po es.po fi.po fr.po hu.po it.po ja.po pl.po pt_BR.po sv.po zh_CN.po zh_TW.po af.po ar.po bg.po bn.po bs.po ca.po cy.po da.po el.po en_GB.po en_US.po et.po gl.po gu.po he.po hi.po hr.po id.po ka.po km.po ko.po lo.po lt.po mk.po mr.po nb.po nl.po pa.po pt.po ro.po ru.po sk.po sl.po sr.po ta.po tr.po uk.po vi.po xh.po zu.po'
POSUB='po'
PO_IN_DATADIR_FALSE=''
PO_IN_DATADIR_TRUE=''
RANLIB='ranlib'
SED='/bin/sed'
SET_MAKE=''
SHELL='/bin/bash'
STRIP='strip'
TEXT_PLUGIN_FALSE='#'
TEXT_PLUGIN_TRUE=''
USE_LIBRSVG_FALSE=''
USE_LIBRSVG_TRUE='#'
USE_NLS='yes'
VERSION='0.6.2'
WALL_PLUGIN_FALSE='#'
WALL_PLUGIN_TRUE=''
XGETTEXT='/usr/bin/xgettext'
XSLTPROC='xsltproc'
ac_ct_CC='gcc'
ac_ct_CXX='g++'
ac_ct_DUMPBIN=''
am__fastdepCC_FALSE='#'
am__fastdepCC_TRUE=''
am__fastdepCXX_FALSE='#'
am__fastdepCXX_TRUE=''
am__include='include'
am__isrc=''
am__leading_dot='.'
am__quote=''
am__tar='${AMTAR} chof - "$$tardir"'
am__untar='${AMTAR} xf -'
bindir='${exec_prefix}/bin'
build='i686-pc-linux-gnu'
build_alias=''
build_cpu='i686'
build_os='linux-gnu'
build_vendor='pc'
datadir='${datarootdir}'
datarootdir='${prefix}/share'
default_plugins=''
docdir='${datarootdir}/doc/${PACKAGE_TARNAME}'
dvidir='${docdir}'
exec_prefix='${prefix}'
host='i686-pc-linux-gnu'
host_alias=''
host_cpu='i686'
host_os='linux-gnu'
host_vendor='pc'
htmldir='${docdir}'
imagedir='${datarootdir}/ecomp'
includedir='${prefix}/include'
infodir='${datarootdir}/info'
install_sh='$(SHELL) /media/disk-3/src/compiz/install-sh'
libdir='${exec_prefix}/lib'
libexecdir='${exec_prefix}/libexec'
localedir='${datarootdir}/locale'
localstatedir='${prefix}/var'
lt_ECHO='echo'
mandir='${datarootdir}/man'
metadatadir='${datarootdir}/ecomp'
mkdir_p='/bin/mkdir -p'
oldincludedir='/usr/include'
pdfdir='${docdir}'
plugindir='${exec_prefix}/lib/ecomp'
prefix='/usr/local'
program_transform_name='s,x,x,'
psdir='${docdir}'
sbindir='${exec_prefix}/sbin'
sharedstatedir='${prefix}/com'
stylesheetdir='${datarootdir}/ecomp'
sysconfdir='${prefix}/etc'
target_alias=''
xsltdir='${datarootdir}/bcop'

## ----------- ##
## confdefs.h. ##
## ----------- ##

#define PACKAGE_NAME "ecomp"
#define PACKAGE_TARNAME "ecomp"
#define PACKAGE_VERSION "0.6.2"
#define PACKAGE_STRING "ecomp 0.6.2"
#define PACKAGE_BUGREPORT "davidr@novell.com"
#define PACKAGE "ecomp"
#define VERSION "0.6.2"
#define DECOR_INTERFACE_VERSION 20070319
#define STDC_HEADERS 1
#define HAVE_SYS_TYPES_H 1
#define HAVE_SYS_STAT_H 1
#define HAVE_STDLIB_H 1
#define HAVE_STRING_H 1
#define HAVE_MEMORY_H 1
#define HAVE_STRINGS_H 1
#define HAVE_INTTYPES_H 1
#define HAVE_STDINT_H 1
#define HAVE_UNISTD_H 1
#define HAVE_DLFCN_H 1
#define LT_OBJDIR ".libs/"
#define STDC_HEADERS 1
#define HAVE_STDLIB_H 1
#define HAVE_SYS_TIME_H 1
#define HAVE_UNISTD_H 1
#define HAVE_LOCALE_H 1
#define HAVE_LC_MESSAGES 1
#define HAVE_BIND_TEXTDOMAIN_CODESET 1
#define HAVE_GETTEXT 1
#define HAVE_DCGETTEXT 1
#define ENABLE_NLS 1
#define GETTEXT_PACKAGE "ecomp"
#define HAVE_XRENDER_0_9_3 1
#define USE_DBUS 1
#define HAVE_SYS_INOTIFY_H 1
#define USE_INOTIFY 1
#define USE_ANNOTATE 1
#define USE_TEXT 1
#define USE_WALL 1
#define USE_JPEG 1
#define MAX_DESKTOPS 36

configure: exit 1
